<?xml version="1.0" encoding="UTF-8"?>
<!-- Generated by org.testng.reporters.JUnitReportReporter -->
<testsuite hostname="ATMECSINLT-773.local" failures="0" tests="1" name="mobileautomation.Appium.AppiumBasics" time="15.080" errors="0" timestamp="2023-03-30T00:33:54 IST" skipped="0">
  <testcase classname="mobileautomation.Appium.AppiumBasics" name="clickOnPreferencesBtn" time="15.080"/>
  <system-out/>
</testsuite> <!-- mobileautomation.Appium.AppiumBasics -->
